[2023-02-17 11:15:41] local.WARNING: Unable to fetch external image http://mongu/storage/app/media/hero1.webp [file_get_contents(http://mongu/storage/app/media/hero1.webp): Failed to open stream: HTTP request failed! HTTP/1.1 404 Not Found
]  
[2023-02-17 11:15:41] local.ERROR: PDOException: SQLSTATE[HY000] [1045] Access denied for user 'root'@'localhost' (using password: NO) in C:\work\OSPanel\domains\mongu\vendor\doctrine\dbal\lib\Doctrine\DBAL\Driver\PDOConnection.php:40
Stack trace:
#0 C:\work\OSPanel\domains\mongu\vendor\doctrine\dbal\lib\Doctrine\DBAL\Driver\PDOConnection.php(40): PDO->__construct()
#1 C:\work\OSPanel\domains\mongu\vendor\laravel\framework\src\Illuminate\Database\Connectors\Connector.php(67): Doctrine\DBAL\Driver\PDOConnection->__construct()
#2 C:\work\OSPanel\domains\mongu\vendor\laravel\framework\src\Illuminate\Database\Connectors\Connector.php(46): Illuminate\Database\Connectors\Connector->createPdoConnection()
#3 C:\work\OSPanel\domains\mongu\vendor\laravel\framework\src\Illuminate\Database\Connectors\MySqlConnector.php(24): Illuminate\Database\Connectors\Connector->createConnection()
#4 C:\work\OSPanel\domains\mongu\vendor\october\rain\src\Database\Connectors\ConnectionFactory.php(29): Illuminate\Database\Connectors\MySqlConnector->connect()
#5 [internal function]: October\Rain\Database\Connectors\ConnectionFactory->October\Rain\Database\Connectors\{closure}()
#6 C:\work\OSPanel\domains\mongu\vendor\laravel\framework\src\Illuminate\Database\Connection.php(1171): call_user_func()
#7 C:\work\OSPanel\domains\mongu\vendor\laravel\framework\src\Illuminate\Database\Connection.php(1207): Illuminate\Database\Connection->getPdo()
#8 C:\work\OSPanel\domains\mongu\vendor\laravel\framework\src\Illuminate\Database\Connection.php(486): Illuminate\Database\Connection->getReadPdo()
#9 C:\work\OSPanel\domains\mongu\vendor\laravel\framework\src\Illuminate\Database\Connection.php(414): Illuminate\Database\Connection->getPdoForSelect()
#10 C:\work\OSPanel\domains\mongu\vendor\laravel\framework\src\Illuminate\Database\Connection.php(753): Illuminate\Database\Connection->Illuminate\Database\{closure}()
#11 C:\work\OSPanel\domains\mongu\vendor\laravel\framework\src\Illuminate\Database\Connection.php(720): Illuminate\Database\Connection->runQueryCallback()
#12 C:\work\OSPanel\domains\mongu\vendor\laravel\framework\src\Illuminate\Database\Connection.php(422): Illuminate\Database\Connection->run()
#13 C:\work\OSPanel\domains\mongu\vendor\laravel\framework\src\Illuminate\Database\Query\Builder.php(2650): Illuminate\Database\Connection->select()
#14 C:\work\OSPanel\domains\mongu\vendor\laravel\framework\src\Illuminate\Database\Query\Builder.php(2638): Illuminate\Database\Query\Builder->runSelect()
#15 C:\work\OSPanel\domains\mongu\vendor\laravel\framework\src\Illuminate\Database\Query\Builder.php(3174): Illuminate\Database\Query\Builder->Illuminate\Database\Query\{closure}()
#16 C:\work\OSPanel\domains\mongu\vendor\laravel\framework\src\Illuminate\Database\Query\Builder.php(2639): Illuminate\Database\Query\Builder->onceWithColumns()
#17 C:\work\OSPanel\domains\mongu\vendor\october\rain\src\Database\QueryBuilder.php(90): Illuminate\Database\Query\Builder->get()
#18 C:\work\OSPanel\domains\mongu\vendor\laravel\framework\src\Illuminate\Database\Eloquent\Builder.php(702): October\Rain\Database\QueryBuilder->get()
#19 C:\work\OSPanel\domains\mongu\vendor\laravel\framework\src\Illuminate\Database\Eloquent\Builder.php(686): Illuminate\Database\Eloquent\Builder->getModels()
#20 C:\work\OSPanel\domains\mongu\vendor\laravel\framework\src\Illuminate\Database\Concerns\BuildsQueries.php(296): Illuminate\Database\Eloquent\Builder->get()
#21 C:\work\OSPanel\domains\mongu\plugins\rainlab\translate\models\Message.php(188): Illuminate\Database\Eloquent\Builder->first()
#22 C:\work\OSPanel\domains\mongu\plugins\rainlab\translate\models\Message.php(165): RainLab\Translate\Models\Message->updateMessagesInternal()
#23 C:\work\OSPanel\domains\mongu\plugins\rainlab\translate\models\Message.php(131): RainLab\Translate\Models\Message->updateObservedMessages()
#24 C:\work\OSPanel\domains\mongu\plugins\rainlab\translate\Plugin.php(62): RainLab\Translate\Models\Message::saveObserver()
#25 C:\work\OSPanel\domains\mongu\vendor\laravel\framework\src\Illuminate\Events\Dispatcher.php(421): RainLab\Translate\Plugin->RainLab\Translate\{closure}()
#26 C:\work\OSPanel\domains\mongu\vendor\laravel\framework\src\Illuminate\Events\Dispatcher.php(249): Illuminate\Events\Dispatcher->Illuminate\Events\{closure}()
#27 C:\work\OSPanel\domains\mongu\vendor\october\rain\src\Router\CoreRouter.php(34): Illuminate\Events\Dispatcher->dispatch()
#28 C:\work\OSPanel\domains\mongu\vendor\laravel\framework\src\Illuminate\Foundation\Http\Kernel.php(190): October\Rain\Router\CoreRouter->dispatch()
#29 C:\work\OSPanel\domains\mongu\vendor\laravel\framework\src\Illuminate\Pipeline\Pipeline.php(141): Illuminate\Foundation\Http\Kernel->Illuminate\Foundation\Http\{closure}()
#30 C:\work\OSPanel\domains\mongu\plugins\offline\speedy\classes\middleware\CDNMiddleware.php(40): Illuminate\Pipeline\Pipeline->Illuminate\Pipeline\{closure}()
#31 C:\work\OSPanel\domains\mongu\vendor\laravel\framework\src\Illuminate\Pipeline\Pipeline.php(180): OFFLINE\Speedy\Classes\Middleware\CDNMiddleware->handle()
#32 C:\work\OSPanel\domains\mongu\plugins\offline\speedy\classes\middleware\Http2Middleware.php(38): Illuminate\Pipeline\Pipeline->Illuminate\Pipeline\{closure}()
#33 C:\work\OSPanel\domains\mongu\vendor\laravel\framework\src\Illuminate\Pipeline\Pipeline.php(180): OFFLINE\Speedy\Classes\Middleware\Http2Middleware->handle()
#34 C:\work\OSPanel\domains\mongu\vendor\laravel\framework\src\Illuminate\Foundation\Http\Middleware\PreventRequestsDuringMaintenance.php(86): Illuminate\Pipeline\Pipeline->Illuminate\Pipeline\{closure}()
#35 C:\work\OSPanel\domains\mongu\vendor\october\rain\src\Foundation\Http\Middleware\CheckForMaintenanceMode.php(23): Illuminate\Foundation\Http\Middleware\PreventRequestsDuringMaintenance->handle()
#36 C:\work\OSPanel\domains\mongu\vendor\laravel\framework\src\Illuminate\Pipeline\Pipeline.php(180): October\Rain\Foundation\Http\Middleware\CheckForMaintenanceMode->handle()
#37 C:\work\OSPanel\domains\mongu\vendor\laravel\framework\src\Illuminate\Pipeline\Pipeline.php(116): Illuminate\Pipeline\Pipeline->Illuminate\Pipeline\{closure}()
#38 C:\work\OSPanel\domains\mongu\vendor\laravel\framework\src\Illuminate\Foundation\Http\Kernel.php(165): Illuminate\Pipeline\Pipeline->then()
#39 C:\work\OSPanel\domains\mongu\vendor\laravel\framework\src\Illuminate\Foundation\Http\Kernel.php(134): Illuminate\Foundation\Http\Kernel->sendRequestThroughRouter()
#40 C:\work\OSPanel\domains\mongu\index.php(54): Illuminate\Foundation\Http\Kernel->handle()
#41 {main}

Next Doctrine\DBAL\Driver\PDO\Exception: SQLSTATE[HY000] [1045] Access denied for user 'root'@'localhost' (using password: NO) in C:\work\OSPanel\domains\mongu\vendor\doctrine\dbal\lib\Doctrine\DBAL\Driver\PDO\Exception.php:18
Stack trace:
#0 C:\work\OSPanel\domains\mongu\vendor\doctrine\dbal\lib\Doctrine\DBAL\Driver\PDOConnection.php(44): Doctrine\DBAL\Driver\PDO\Exception::new()
#1 C:\work\OSPanel\domains\mongu\vendor\laravel\framework\src\Illuminate\Database\Connectors\Connector.php(67): Doctrine\DBAL\Driver\PDOConnection->__construct()
#2 C:\work\OSPanel\domains\mongu\vendor\laravel\framework\src\Illuminate\Database\Connectors\Connector.php(46): Illuminate\Database\Connectors\Connector->createPdoConnection()
#3 C:\work\OSPanel\domains\mongu\vendor\laravel\framework\src\Illuminate\Database\Connectors\MySqlConnector.php(24): Illuminate\Database\Connectors\Connector->createConnection()
#4 C:\work\OSPanel\domains\mongu\vendor\october\rain\src\Database\Connectors\ConnectionFactory.php(29): Illuminate\Database\Connectors\MySqlConnector->connect()
#5 [internal function]: October\Rain\Database\Connectors\ConnectionFactory->October\Rain\Database\Connectors\{closure}()
#6 C:\work\OSPanel\domains\mongu\vendor\laravel\framework\src\Illuminate\Database\Connection.php(1171): call_user_func()
#7 C:\work\OSPanel\domains\mongu\vendor\laravel\framework\src\Illuminate\Database\Connection.php(1207): Illuminate\Database\Connection->getPdo()
#8 C:\work\OSPanel\domains\mongu\vendor\laravel\framework\src\Illuminate\Database\Connection.php(486): Illuminate\Database\Connection->getReadPdo()
#9 C:\work\OSPanel\domains\mongu\vendor\laravel\framework\src\Illuminate\Database\Connection.php(414): Illuminate\Database\Connection->getPdoForSelect()
#10 C:\work\OSPanel\domains\mongu\vendor\laravel\framework\src\Illuminate\Database\Connection.php(753): Illuminate\Database\Connection->Illuminate\Database\{closure}()
#11 C:\work\OSPanel\domains\mongu\vendor\laravel\framework\src\Illuminate\Database\Connection.php(720): Illuminate\Database\Connection->runQueryCallback()
#12 C:\work\OSPanel\domains\mongu\vendor\laravel\framework\src\Illuminate\Database\Connection.php(422): Illuminate\Database\Connection->run()
#13 C:\work\OSPanel\domains\mongu\vendor\laravel\framework\src\Illuminate\Database\Query\Builder.php(2650): Illuminate\Database\Connection->select()
#14 C:\work\OSPanel\domains\mongu\vendor\laravel\framework\src\Illuminate\Database\Query\Builder.php(2638): Illuminate\Database\Query\Builder->runSelect()
#15 C:\work\OSPanel\domains\mongu\vendor\laravel\framework\src\Illuminate\Database\Query\Builder.php(3174): Illuminate\Database\Query\Builder->Illuminate\Database\Query\{closure}()
#16 C:\work\OSPanel\domains\mongu\vendor\laravel\framework\src\Illuminate\Database\Query\Builder.php(2639): Illuminate\Database\Query\Builder->onceWithColumns()
#17 C:\work\OSPanel\domains\mongu\vendor\october\rain\src\Database\QueryBuilder.php(90): Illuminate\Database\Query\Builder->get()
#18 C:\work\OSPanel\domains\mongu\vendor\laravel\framework\src\Illuminate\Database\Eloquent\Builder.php(702): October\Rain\Database\QueryBuilder->get()
#19 C:\work\OSPanel\domains\mongu\vendor\laravel\framework\src\Illuminate\Database\Eloquent\Builder.php(686): Illuminate\Database\Eloquent\Builder->getModels()
#20 C:\work\OSPanel\domains\mongu\vendor\laravel\framework\src\Illuminate\Database\Concerns\BuildsQueries.php(296): Illuminate\Database\Eloquent\Builder->get()
#21 C:\work\OSPanel\domains\mongu\plugins\rainlab\translate\models\Message.php(188): Illuminate\Database\Eloquent\Builder->first()
#22 C:\work\OSPanel\domains\mongu\plugins\rainlab\translate\models\Message.php(165): RainLab\Translate\Models\Message->updateMessagesInternal()
#23 C:\work\OSPanel\domains\mongu\plugins\rainlab\translate\models\Message.php(131): RainLab\Translate\Models\Message->updateObservedMessages()
#24 C:\work\OSPanel\domains\mongu\plugins\rainlab\translate\Plugin.php(62): RainLab\Translate\Models\Message::saveObserver()
#25 C:\work\OSPanel\domains\mongu\vendor\laravel\framework\src\Illuminate\Events\Dispatcher.php(421): RainLab\Translate\Plugin->RainLab\Translate\{closure}()
#26 C:\work\OSPanel\domains\mongu\vendor\laravel\framework\src\Illuminate\Events\Dispatcher.php(249): Illuminate\Events\Dispatcher->Illuminate\Events\{closure}()
#27 C:\work\OSPanel\domains\mongu\vendor\october\rain\src\Router\CoreRouter.php(34): Illuminate\Events\Dispatcher->dispatch()
#28 C:\work\OSPanel\domains\mongu\vendor\laravel\framework\src\Illuminate\Foundation\Http\Kernel.php(190): October\Rain\Router\CoreRouter->dispatch()
#29 C:\work\OSPanel\domains\mongu\vendor\laravel\framework\src\Illuminate\Pipeline\Pipeline.php(141): Illuminate\Foundation\Http\Kernel->Illuminate\Foundation\Http\{closure}()
#30 C:\work\OSPanel\domains\mongu\plugins\offline\speedy\classes\middleware\CDNMiddleware.php(40): Illuminate\Pipeline\Pipeline->Illuminate\Pipeline\{closure}()
#31 C:\work\OSPanel\domains\mongu\vendor\laravel\framework\src\Illuminate\Pipeline\Pipeline.php(180): OFFLINE\Speedy\Classes\Middleware\CDNMiddleware->handle()
#32 C:\work\OSPanel\domains\mongu\plugins\offline\speedy\classes\middleware\Http2Middleware.php(38): Illuminate\Pipeline\Pipeline->Illuminate\Pipeline\{closure}()
#33 C:\work\OSPanel\domains\mongu\vendor\laravel\framework\src\Illuminate\Pipeline\Pipeline.php(180): OFFLINE\Speedy\Classes\Middleware\Http2Middleware->handle()
#34 C:\work\OSPanel\domains\mongu\vendor\laravel\framework\src\Illuminate\Foundation\Http\Middleware\PreventRequestsDuringMaintenance.php(86): Illuminate\Pipeline\Pipeline->Illuminate\Pipeline\{closure}()
#35 C:\work\OSPanel\domains\mongu\vendor\october\rain\src\Foundation\Http\Middleware\CheckForMaintenanceMode.php(23): Illuminate\Foundation\Http\Middleware\PreventRequestsDuringMaintenance->handle()
#36 C:\work\OSPanel\domains\mongu\vendor\laravel\framework\src\Illuminate\Pipeline\Pipeline.php(180): October\Rain\Foundation\Http\Middleware\CheckForMaintenanceMode->handle()
#37 C:\work\OSPanel\domains\mongu\vendor\laravel\framework\src\Illuminate\Pipeline\Pipeline.php(116): Illuminate\Pipeline\Pipeline->Illuminate\Pipeline\{closure}()
#38 C:\work\OSPanel\domains\mongu\vendor\laravel\framework\src\Illuminate\Foundation\Http\Kernel.php(165): Illuminate\Pipeline\Pipeline->then()
#39 C:\work\OSPanel\domains\mongu\vendor\laravel\framework\src\Illuminate\Foundation\Http\Kernel.php(134): Illuminate\Foundation\Http\Kernel->sendRequestThroughRouter()
#40 C:\work\OSPanel\domains\mongu\index.php(54): Illuminate\Foundation\Http\Kernel->handle()
#41 {main}

Next Illuminate\Database\QueryException: SQLSTATE[HY000] [1045] Access denied for user 'root'@'localhost' (using password: NO) (SQL: select * from `rainlab_translate_message_data` where `locale` = en limit 1) in C:\work\OSPanel\domains\mongu\vendor\laravel\framework\src\Illuminate\Database\Connection.php:760
Stack trace:
#0 C:\work\OSPanel\domains\mongu\vendor\laravel\framework\src\Illuminate\Database\Connection.php(720): Illuminate\Database\Connection->runQueryCallback()
#1 C:\work\OSPanel\domains\mongu\vendor\laravel\framework\src\Illuminate\Database\Connection.php(422): Illuminate\Database\Connection->run()
#2 C:\work\OSPanel\domains\mongu\vendor\laravel\framework\src\Illuminate\Database\Query\Builder.php(2650): Illuminate\Database\Connection->select()
#3 C:\work\OSPanel\domains\mongu\vendor\laravel\framework\src\Illuminate\Database\Query\Builder.php(2638): Illuminate\Database\Query\Builder->runSelect()
#4 C:\work\OSPanel\domains\mongu\vendor\laravel\framework\src\Illuminate\Database\Query\Builder.php(3174): Illuminate\Database\Query\Builder->Illuminate\Database\Query\{closure}()
#5 C:\work\OSPanel\domains\mongu\vendor\laravel\framework\src\Illuminate\Database\Query\Builder.php(2639): Illuminate\Database\Query\Builder->onceWithColumns()
#6 C:\work\OSPanel\domains\mongu\vendor\october\rain\src\Database\QueryBuilder.php(90): Illuminate\Database\Query\Builder->get()
#7 C:\work\OSPanel\domains\mongu\vendor\laravel\framework\src\Illuminate\Database\Eloquent\Builder.php(702): October\Rain\Database\QueryBuilder->get()
#8 C:\work\OSPanel\domains\mongu\vendor\laravel\framework\src\Illuminate\Database\Eloquent\Builder.php(686): Illuminate\Database\Eloquent\Builder->getModels()
#9 C:\work\OSPanel\domains\mongu\vendor\laravel\framework\src\Illuminate\Database\Concerns\BuildsQueries.php(296): Illuminate\Database\Eloquent\Builder->get()
#10 C:\work\OSPanel\domains\mongu\plugins\rainlab\translate\models\Message.php(188): Illuminate\Database\Eloquent\Builder->first()
#11 C:\work\OSPanel\domains\mongu\plugins\rainlab\translate\models\Message.php(165): RainLab\Translate\Models\Message->updateMessagesInternal()
#12 C:\work\OSPanel\domains\mongu\plugins\rainlab\translate\models\Message.php(131): RainLab\Translate\Models\Message->updateObservedMessages()
#13 C:\work\OSPanel\domains\mongu\plugins\rainlab\translate\Plugin.php(62): RainLab\Translate\Models\Message::saveObserver()
#14 C:\work\OSPanel\domains\mongu\vendor\laravel\framework\src\Illuminate\Events\Dispatcher.php(421): RainLab\Translate\Plugin->RainLab\Translate\{closure}()
#15 C:\work\OSPanel\domains\mongu\vendor\laravel\framework\src\Illuminate\Events\Dispatcher.php(249): Illuminate\Events\Dispatcher->Illuminate\Events\{closure}()
#16 C:\work\OSPanel\domains\mongu\vendor\october\rain\src\Router\CoreRouter.php(34): Illuminate\Events\Dispatcher->dispatch()
#17 C:\work\OSPanel\domains\mongu\vendor\laravel\framework\src\Illuminate\Foundation\Http\Kernel.php(190): October\Rain\Router\CoreRouter->dispatch()
#18 C:\work\OSPanel\domains\mongu\vendor\laravel\framework\src\Illuminate\Pipeline\Pipeline.php(141): Illuminate\Foundation\Http\Kernel->Illuminate\Foundation\Http\{closure}()
#19 C:\work\OSPanel\domains\mongu\plugins\offline\speedy\classes\middleware\CDNMiddleware.php(40): Illuminate\Pipeline\Pipeline->Illuminate\Pipeline\{closure}()
#20 C:\work\OSPanel\domains\mongu\vendor\laravel\framework\src\Illuminate\Pipeline\Pipeline.php(180): OFFLINE\Speedy\Classes\Middleware\CDNMiddleware->handle()
#21 C:\work\OSPanel\domains\mongu\plugins\offline\speedy\classes\middleware\Http2Middleware.php(38): Illuminate\Pipeline\Pipeline->Illuminate\Pipeline\{closure}()
#22 C:\work\OSPanel\domains\mongu\vendor\laravel\framework\src\Illuminate\Pipeline\Pipeline.php(180): OFFLINE\Speedy\Classes\Middleware\Http2Middleware->handle()
#23 C:\work\OSPanel\domains\mongu\vendor\laravel\framework\src\Illuminate\Foundation\Http\Middleware\PreventRequestsDuringMaintenance.php(86): Illuminate\Pipeline\Pipeline->Illuminate\Pipeline\{closure}()
#24 C:\work\OSPanel\domains\mongu\vendor\october\rain\src\Foundation\Http\Middleware\CheckForMaintenanceMode.php(23): Illuminate\Foundation\Http\Middleware\PreventRequestsDuringMaintenance->handle()
#25 C:\work\OSPanel\domains\mongu\vendor\laravel\framework\src\Illuminate\Pipeline\Pipeline.php(180): October\Rain\Foundation\Http\Middleware\CheckForMaintenanceMode->handle()
#26 C:\work\OSPanel\domains\mongu\vendor\laravel\framework\src\Illuminate\Pipeline\Pipeline.php(116): Illuminate\Pipeline\Pipeline->Illuminate\Pipeline\{closure}()
#27 C:\work\OSPanel\domains\mongu\vendor\laravel\framework\src\Illuminate\Foundation\Http\Kernel.php(165): Illuminate\Pipeline\Pipeline->then()
#28 C:\work\OSPanel\domains\mongu\vendor\laravel\framework\src\Illuminate\Foundation\Http\Kernel.php(134): Illuminate\Foundation\Http\Kernel->sendRequestThroughRouter()
#29 C:\work\OSPanel\domains\mongu\index.php(54): Illuminate\Foundation\Http\Kernel->handle()
#30 {main}  
[2023-02-17 12:06:18] production.WARNING: Unable to fetch external image http://mongu/storage/app/uploads/public/639/9b9/4cd/6399b94cdca2f601809903.png [file_get_contents(http://mongu/storage/app/uploads/public/639/9b9/4cd/6399b94cdca2f601809903.png): Failed to open stream: HTTP request failed! HTTP/1.1 404 Not Found
]  
[2023-02-17 12:30:59] production.WARNING: Unable to fetch external image http://mongu/storage/app/uploads/public/638/8bb/e12/6388bbe125b32963485408.png [file_get_contents(http://mongu/storage/app/uploads/public/638/8bb/e12/6388bbe125b32963485408.png): Failed to open stream: HTTP request failed! HTTP/1.1 404 Not Found
]  
[2023-02-17 13:46:19] production.WARNING: Unable to fetch external image http://mongu/storage/app/uploads/public/638/4f6/710/6384f6710dd94975962059.jpg [file_get_contents(http://mongu/storage/app/uploads/public/638/4f6/710/6384f6710dd94975962059.jpg): Failed to open stream: HTTP request failed! HTTP/1.1 404 Not Found
]  
[2023-02-17 13:55:36] local.WARNING: Unable to fetch external image http://mongu/storage/app/media/hero1.webp [file_get_contents(http://mongu/storage/app/media/hero1.webp): Failed to open stream: HTTP request failed! HTTP/1.1 404 Not Found
]  
[2023-02-17 13:55:36] production.WARNING: Unable to fetch external image http://mongu/storage/app/media/hero2.webp [file_get_contents(http://mongu/storage/app/media/hero2.webp): Failed to open stream: HTTP request failed! HTTP/1.1 404 Not Found
]  
[2023-02-17 13:55:36] local.ERROR: PDOException: SQLSTATE[HY000] [1045] Access denied for user 'root'@'localhost' (using password: NO) in C:\work\OSPanel\domains\mongu\vendor\doctrine\dbal\lib\Doctrine\DBAL\Driver\PDOConnection.php:40
Stack trace:
#0 C:\work\OSPanel\domains\mongu\vendor\doctrine\dbal\lib\Doctrine\DBAL\Driver\PDOConnection.php(40): PDO->__construct()
#1 C:\work\OSPanel\domains\mongu\vendor\laravel\framework\src\Illuminate\Database\Connectors\Connector.php(67): Doctrine\DBAL\Driver\PDOConnection->__construct()
#2 C:\work\OSPanel\domains\mongu\vendor\laravel\framework\src\Illuminate\Database\Connectors\Connector.php(46): Illuminate\Database\Connectors\Connector->createPdoConnection()
#3 C:\work\OSPanel\domains\mongu\vendor\laravel\framework\src\Illuminate\Database\Connectors\MySqlConnector.php(24): Illuminate\Database\Connectors\Connector->createConnection()
#4 C:\work\OSPanel\domains\mongu\vendor\october\rain\src\Database\Connectors\ConnectionFactory.php(29): Illuminate\Database\Connectors\MySqlConnector->connect()
#5 [internal function]: October\Rain\Database\Connectors\ConnectionFactory->October\Rain\Database\Connectors\{closure}()
#6 C:\work\OSPanel\domains\mongu\vendor\laravel\framework\src\Illuminate\Database\Connection.php(1171): call_user_func()
#7 C:\work\OSPanel\domains\mongu\vendor\laravel\framework\src\Illuminate\Database\Connection.php(1207): Illuminate\Database\Connection->getPdo()
#8 C:\work\OSPanel\domains\mongu\vendor\laravel\framework\src\Illuminate\Database\Connection.php(486): Illuminate\Database\Connection->getReadPdo()
#9 C:\work\OSPanel\domains\mongu\vendor\laravel\framework\src\Illuminate\Database\Connection.php(414): Illuminate\Database\Connection->getPdoForSelect()
#10 C:\work\OSPanel\domains\mongu\vendor\laravel\framework\src\Illuminate\Database\Connection.php(753): Illuminate\Database\Connection->Illuminate\Database\{closure}()
#11 C:\work\OSPanel\domains\mongu\vendor\laravel\framework\src\Illuminate\Database\Connection.php(720): Illuminate\Database\Connection->runQueryCallback()
#12 C:\work\OSPanel\domains\mongu\vendor\laravel\framework\src\Illuminate\Database\Connection.php(422): Illuminate\Database\Connection->run()
#13 C:\work\OSPanel\domains\mongu\vendor\laravel\framework\src\Illuminate\Database\Query\Builder.php(2650): Illuminate\Database\Connection->select()
#14 C:\work\OSPanel\domains\mongu\vendor\laravel\framework\src\Illuminate\Database\Query\Builder.php(2638): Illuminate\Database\Query\Builder->runSelect()
#15 C:\work\OSPanel\domains\mongu\vendor\laravel\framework\src\Illuminate\Database\Query\Builder.php(3174): Illuminate\Database\Query\Builder->Illuminate\Database\Query\{closure}()
#16 C:\work\OSPanel\domains\mongu\vendor\laravel\framework\src\Illuminate\Database\Query\Builder.php(2639): Illuminate\Database\Query\Builder->onceWithColumns()
#17 C:\work\OSPanel\domains\mongu\vendor\october\rain\src\Database\QueryBuilder.php(90): Illuminate\Database\Query\Builder->get()
#18 C:\work\OSPanel\domains\mongu\vendor\laravel\framework\src\Illuminate\Database\Eloquent\Builder.php(702): October\Rain\Database\QueryBuilder->get()
#19 C:\work\OSPanel\domains\mongu\vendor\laravel\framework\src\Illuminate\Database\Eloquent\Builder.php(686): Illuminate\Database\Eloquent\Builder->getModels()
#20 C:\work\OSPanel\domains\mongu\vendor\laravel\framework\src\Illuminate\Database\Concerns\BuildsQueries.php(296): Illuminate\Database\Eloquent\Builder->get()
#21 C:\work\OSPanel\domains\mongu\plugins\rainlab\translate\models\Message.php(188): Illuminate\Database\Eloquent\Builder->first()
#22 C:\work\OSPanel\domains\mongu\plugins\rainlab\translate\models\Message.php(165): RainLab\Translate\Models\Message->updateMessagesInternal()
#23 C:\work\OSPanel\domains\mongu\plugins\rainlab\translate\models\Message.php(131): RainLab\Translate\Models\Message->updateObservedMessages()
#24 C:\work\OSPanel\domains\mongu\plugins\rainlab\translate\Plugin.php(62): RainLab\Translate\Models\Message::saveObserver()
#25 C:\work\OSPanel\domains\mongu\vendor\laravel\framework\src\Illuminate\Events\Dispatcher.php(421): RainLab\Translate\Plugin->RainLab\Translate\{closure}()
#26 C:\work\OSPanel\domains\mongu\vendor\laravel\framework\src\Illuminate\Events\Dispatcher.php(249): Illuminate\Events\Dispatcher->Illuminate\Events\{closure}()
#27 C:\work\OSPanel\domains\mongu\vendor\october\rain\src\Router\CoreRouter.php(34): Illuminate\Events\Dispatcher->dispatch()
#28 C:\work\OSPanel\domains\mongu\vendor\laravel\framework\src\Illuminate\Foundation\Http\Kernel.php(190): October\Rain\Router\CoreRouter->dispatch()
#29 C:\work\OSPanel\domains\mongu\vendor\laravel\framework\src\Illuminate\Pipeline\Pipeline.php(141): Illuminate\Foundation\Http\Kernel->Illuminate\Foundation\Http\{closure}()
#30 C:\work\OSPanel\domains\mongu\plugins\offline\speedy\classes\middleware\CDNMiddleware.php(40): Illuminate\Pipeline\Pipeline->Illuminate\Pipeline\{closure}()
#31 C:\work\OSPanel\domains\mongu\vendor\laravel\framework\src\Illuminate\Pipeline\Pipeline.php(180): OFFLINE\Speedy\Classes\Middleware\CDNMiddleware->handle()
#32 C:\work\OSPanel\domains\mongu\plugins\offline\speedy\classes\middleware\Http2Middleware.php(38): Illuminate\Pipeline\Pipeline->Illuminate\Pipeline\{closure}()
#33 C:\work\OSPanel\domains\mongu\vendor\laravel\framework\src\Illuminate\Pipeline\Pipeline.php(180): OFFLINE\Speedy\Classes\Middleware\Http2Middleware->handle()
#34 C:\work\OSPanel\domains\mongu\vendor\laravel\framework\src\Illuminate\Foundation\Http\Middleware\PreventRequestsDuringMaintenance.php(86): Illuminate\Pipeline\Pipeline->Illuminate\Pipeline\{closure}()
#35 C:\work\OSPanel\domains\mongu\vendor\october\rain\src\Foundation\Http\Middleware\CheckForMaintenanceMode.php(23): Illuminate\Foundation\Http\Middleware\PreventRequestsDuringMaintenance->handle()
#36 C:\work\OSPanel\domains\mongu\vendor\laravel\framework\src\Illuminate\Pipeline\Pipeline.php(180): October\Rain\Foundation\Http\Middleware\CheckForMaintenanceMode->handle()
#37 C:\work\OSPanel\domains\mongu\vendor\laravel\framework\src\Illuminate\Pipeline\Pipeline.php(116): Illuminate\Pipeline\Pipeline->Illuminate\Pipeline\{closure}()
#38 C:\work\OSPanel\domains\mongu\vendor\laravel\framework\src\Illuminate\Foundation\Http\Kernel.php(165): Illuminate\Pipeline\Pipeline->then()
#39 C:\work\OSPanel\domains\mongu\vendor\laravel\framework\src\Illuminate\Foundation\Http\Kernel.php(134): Illuminate\Foundation\Http\Kernel->sendRequestThroughRouter()
#40 C:\work\OSPanel\domains\mongu\index.php(54): Illuminate\Foundation\Http\Kernel->handle()
#41 {main}

Next Doctrine\DBAL\Driver\PDO\Exception: SQLSTATE[HY000] [1045] Access denied for user 'root'@'localhost' (using password: NO) in C:\work\OSPanel\domains\mongu\vendor\doctrine\dbal\lib\Doctrine\DBAL\Driver\PDO\Exception.php:18
Stack trace:
#0 C:\work\OSPanel\domains\mongu\vendor\doctrine\dbal\lib\Doctrine\DBAL\Driver\PDOConnection.php(44): Doctrine\DBAL\Driver\PDO\Exception::new()
#1 C:\work\OSPanel\domains\mongu\vendor\laravel\framework\src\Illuminate\Database\Connectors\Connector.php(67): Doctrine\DBAL\Driver\PDOConnection->__construct()
#2 C:\work\OSPanel\domains\mongu\vendor\laravel\framework\src\Illuminate\Database\Connectors\Connector.php(46): Illuminate\Database\Connectors\Connector->createPdoConnection()
#3 C:\work\OSPanel\domains\mongu\vendor\laravel\framework\src\Illuminate\Database\Connectors\MySqlConnector.php(24): Illuminate\Database\Connectors\Connector->createConnection()
#4 C:\work\OSPanel\domains\mongu\vendor\october\rain\src\Database\Connectors\ConnectionFactory.php(29): Illuminate\Database\Connectors\MySqlConnector->connect()
#5 [internal function]: October\Rain\Database\Connectors\ConnectionFactory->October\Rain\Database\Connectors\{closure}()
#6 C:\work\OSPanel\domains\mongu\vendor\laravel\framework\src\Illuminate\Database\Connection.php(1171): call_user_func()
#7 C:\work\OSPanel\domains\mongu\vendor\laravel\framework\src\Illuminate\Database\Connection.php(1207): Illuminate\Database\Connection->getPdo()
#8 C:\work\OSPanel\domains\mongu\vendor\laravel\framework\src\Illuminate\Database\Connection.php(486): Illuminate\Database\Connection->getReadPdo()
#9 C:\work\OSPanel\domains\mongu\vendor\laravel\framework\src\Illuminate\Database\Connection.php(414): Illuminate\Database\Connection->getPdoForSelect()
#10 C:\work\OSPanel\domains\mongu\vendor\laravel\framework\src\Illuminate\Database\Connection.php(753): Illuminate\Database\Connection->Illuminate\Database\{closure}()
#11 C:\work\OSPanel\domains\mongu\vendor\laravel\framework\src\Illuminate\Database\Connection.php(720): Illuminate\Database\Connection->runQueryCallback()
#12 C:\work\OSPanel\domains\mongu\vendor\laravel\framework\src\Illuminate\Database\Connection.php(422): Illuminate\Database\Connection->run()
#13 C:\work\OSPanel\domains\mongu\vendor\laravel\framework\src\Illuminate\Database\Query\Builder.php(2650): Illuminate\Database\Connection->select()
#14 C:\work\OSPanel\domains\mongu\vendor\laravel\framework\src\Illuminate\Database\Query\Builder.php(2638): Illuminate\Database\Query\Builder->runSelect()
#15 C:\work\OSPanel\domains\mongu\vendor\laravel\framework\src\Illuminate\Database\Query\Builder.php(3174): Illuminate\Database\Query\Builder->Illuminate\Database\Query\{closure}()
#16 C:\work\OSPanel\domains\mongu\vendor\laravel\framework\src\Illuminate\Database\Query\Builder.php(2639): Illuminate\Database\Query\Builder->onceWithColumns()
#17 C:\work\OSPanel\domains\mongu\vendor\october\rain\src\Database\QueryBuilder.php(90): Illuminate\Database\Query\Builder->get()
#18 C:\work\OSPanel\domains\mongu\vendor\laravel\framework\src\Illuminate\Database\Eloquent\Builder.php(702): October\Rain\Database\QueryBuilder->get()
#19 C:\work\OSPanel\domains\mongu\vendor\laravel\framework\src\Illuminate\Database\Eloquent\Builder.php(686): Illuminate\Database\Eloquent\Builder->getModels()
#20 C:\work\OSPanel\domains\mongu\vendor\laravel\framework\src\Illuminate\Database\Concerns\BuildsQueries.php(296): Illuminate\Database\Eloquent\Builder->get()
#21 C:\work\OSPanel\domains\mongu\plugins\rainlab\translate\models\Message.php(188): Illuminate\Database\Eloquent\Builder->first()
#22 C:\work\OSPanel\domains\mongu\plugins\rainlab\translate\models\Message.php(165): RainLab\Translate\Models\Message->updateMessagesInternal()
#23 C:\work\OSPanel\domains\mongu\plugins\rainlab\translate\models\Message.php(131): RainLab\Translate\Models\Message->updateObservedMessages()
#24 C:\work\OSPanel\domains\mongu\plugins\rainlab\translate\Plugin.php(62): RainLab\Translate\Models\Message::saveObserver()
#25 C:\work\OSPanel\domains\mongu\vendor\laravel\framework\src\Illuminate\Events\Dispatcher.php(421): RainLab\Translate\Plugin->RainLab\Translate\{closure}()
#26 C:\work\OSPanel\domains\mongu\vendor\laravel\framework\src\Illuminate\Events\Dispatcher.php(249): Illuminate\Events\Dispatcher->Illuminate\Events\{closure}()
#27 C:\work\OSPanel\domains\mongu\vendor\october\rain\src\Router\CoreRouter.php(34): Illuminate\Events\Dispatcher->dispatch()
#28 C:\work\OSPanel\domains\mongu\vendor\laravel\framework\src\Illuminate\Foundation\Http\Kernel.php(190): October\Rain\Router\CoreRouter->dispatch()
#29 C:\work\OSPanel\domains\mongu\vendor\laravel\framework\src\Illuminate\Pipeline\Pipeline.php(141): Illuminate\Foundation\Http\Kernel->Illuminate\Foundation\Http\{closure}()
#30 C:\work\OSPanel\domains\mongu\plugins\offline\speedy\classes\middleware\CDNMiddleware.php(40): Illuminate\Pipeline\Pipeline->Illuminate\Pipeline\{closure}()
#31 C:\work\OSPanel\domains\mongu\vendor\laravel\framework\src\Illuminate\Pipeline\Pipeline.php(180): OFFLINE\Speedy\Classes\Middleware\CDNMiddleware->handle()
#32 C:\work\OSPanel\domains\mongu\plugins\offline\speedy\classes\middleware\Http2Middleware.php(38): Illuminate\Pipeline\Pipeline->Illuminate\Pipeline\{closure}()
#33 C:\work\OSPanel\domains\mongu\vendor\laravel\framework\src\Illuminate\Pipeline\Pipeline.php(180): OFFLINE\Speedy\Classes\Middleware\Http2Middleware->handle()
#34 C:\work\OSPanel\domains\mongu\vendor\laravel\framework\src\Illuminate\Foundation\Http\Middleware\PreventRequestsDuringMaintenance.php(86): Illuminate\Pipeline\Pipeline->Illuminate\Pipeline\{closure}()
#35 C:\work\OSPanel\domains\mongu\vendor\october\rain\src\Foundation\Http\Middleware\CheckForMaintenanceMode.php(23): Illuminate\Foundation\Http\Middleware\PreventRequestsDuringMaintenance->handle()
#36 C:\work\OSPanel\domains\mongu\vendor\laravel\framework\src\Illuminate\Pipeline\Pipeline.php(180): October\Rain\Foundation\Http\Middleware\CheckForMaintenanceMode->handle()
#37 C:\work\OSPanel\domains\mongu\vendor\laravel\framework\src\Illuminate\Pipeline\Pipeline.php(116): Illuminate\Pipeline\Pipeline->Illuminate\Pipeline\{closure}()
#38 C:\work\OSPanel\domains\mongu\vendor\laravel\framework\src\Illuminate\Foundation\Http\Kernel.php(165): Illuminate\Pipeline\Pipeline->then()
#39 C:\work\OSPanel\domains\mongu\vendor\laravel\framework\src\Illuminate\Foundation\Http\Kernel.php(134): Illuminate\Foundation\Http\Kernel->sendRequestThroughRouter()
#40 C:\work\OSPanel\domains\mongu\index.php(54): Illuminate\Foundation\Http\Kernel->handle()
#41 {main}

Next Illuminate\Database\QueryException: SQLSTATE[HY000] [1045] Access denied for user 'root'@'localhost' (using password: NO) (SQL: select * from `rainlab_translate_message_data` where `locale` = en limit 1) in C:\work\OSPanel\domains\mongu\vendor\laravel\framework\src\Illuminate\Database\Connection.php:760
Stack trace:
#0 C:\work\OSPanel\domains\mongu\vendor\laravel\framework\src\Illuminate\Database\Connection.php(720): Illuminate\Database\Connection->runQueryCallback()
#1 C:\work\OSPanel\domains\mongu\vendor\laravel\framework\src\Illuminate\Database\Connection.php(422): Illuminate\Database\Connection->run()
#2 C:\work\OSPanel\domains\mongu\vendor\laravel\framework\src\Illuminate\Database\Query\Builder.php(2650): Illuminate\Database\Connection->select()
#3 C:\work\OSPanel\domains\mongu\vendor\laravel\framework\src\Illuminate\Database\Query\Builder.php(2638): Illuminate\Database\Query\Builder->runSelect()
#4 C:\work\OSPanel\domains\mongu\vendor\laravel\framework\src\Illuminate\Database\Query\Builder.php(3174): Illuminate\Database\Query\Builder->Illuminate\Database\Query\{closure}()
#5 C:\work\OSPanel\domains\mongu\vendor\laravel\framework\src\Illuminate\Database\Query\Builder.php(2639): Illuminate\Database\Query\Builder->onceWithColumns()
#6 C:\work\OSPanel\domains\mongu\vendor\october\rain\src\Database\QueryBuilder.php(90): Illuminate\Database\Query\Builder->get()
#7 C:\work\OSPanel\domains\mongu\vendor\laravel\framework\src\Illuminate\Database\Eloquent\Builder.php(702): October\Rain\Database\QueryBuilder->get()
#8 C:\work\OSPanel\domains\mongu\vendor\laravel\framework\src\Illuminate\Database\Eloquent\Builder.php(686): Illuminate\Database\Eloquent\Builder->getModels()
#9 C:\work\OSPanel\domains\mongu\vendor\laravel\framework\src\Illuminate\Database\Concerns\BuildsQueries.php(296): Illuminate\Database\Eloquent\Builder->get()
#10 C:\work\OSPanel\domains\mongu\plugins\rainlab\translate\models\Message.php(188): Illuminate\Database\Eloquent\Builder->first()
#11 C:\work\OSPanel\domains\mongu\plugins\rainlab\translate\models\Message.php(165): RainLab\Translate\Models\Message->updateMessagesInternal()
#12 C:\work\OSPanel\domains\mongu\plugins\rainlab\translate\models\Message.php(131): RainLab\Translate\Models\Message->updateObservedMessages()
#13 C:\work\OSPanel\domains\mongu\plugins\rainlab\translate\Plugin.php(62): RainLab\Translate\Models\Message::saveObserver()
#14 C:\work\OSPanel\domains\mongu\vendor\laravel\framework\src\Illuminate\Events\Dispatcher.php(421): RainLab\Translate\Plugin->RainLab\Translate\{closure}()
#15 C:\work\OSPanel\domains\mongu\vendor\laravel\framework\src\Illuminate\Events\Dispatcher.php(249): Illuminate\Events\Dispatcher->Illuminate\Events\{closure}()
#16 C:\work\OSPanel\domains\mongu\vendor\october\rain\src\Router\CoreRouter.php(34): Illuminate\Events\Dispatcher->dispatch()
#17 C:\work\OSPanel\domains\mongu\vendor\laravel\framework\src\Illuminate\Foundation\Http\Kernel.php(190): October\Rain\Router\CoreRouter->dispatch()
#18 C:\work\OSPanel\domains\mongu\vendor\laravel\framework\src\Illuminate\Pipeline\Pipeline.php(141): Illuminate\Foundation\Http\Kernel->Illuminate\Foundation\Http\{closure}()
#19 C:\work\OSPanel\domains\mongu\plugins\offline\speedy\classes\middleware\CDNMiddleware.php(40): Illuminate\Pipeline\Pipeline->Illuminate\Pipeline\{closure}()
#20 C:\work\OSPanel\domains\mongu\vendor\laravel\framework\src\Illuminate\Pipeline\Pipeline.php(180): OFFLINE\Speedy\Classes\Middleware\CDNMiddleware->handle()
#21 C:\work\OSPanel\domains\mongu\plugins\offline\speedy\classes\middleware\Http2Middleware.php(38): Illuminate\Pipeline\Pipeline->Illuminate\Pipeline\{closure}()
#22 C:\work\OSPanel\domains\mongu\vendor\laravel\framework\src\Illuminate\Pipeline\Pipeline.php(180): OFFLINE\Speedy\Classes\Middleware\Http2Middleware->handle()
#23 C:\work\OSPanel\domains\mongu\vendor\laravel\framework\src\Illuminate\Foundation\Http\Middleware\PreventRequestsDuringMaintenance.php(86): Illuminate\Pipeline\Pipeline->Illuminate\Pipeline\{closure}()
#24 C:\work\OSPanel\domains\mongu\vendor\october\rain\src\Foundation\Http\Middleware\CheckForMaintenanceMode.php(23): Illuminate\Foundation\Http\Middleware\PreventRequestsDuringMaintenance->handle()
#25 C:\work\OSPanel\domains\mongu\vendor\laravel\framework\src\Illuminate\Pipeline\Pipeline.php(180): October\Rain\Foundation\Http\Middleware\CheckForMaintenanceMode->handle()
#26 C:\work\OSPanel\domains\mongu\vendor\laravel\framework\src\Illuminate\Pipeline\Pipeline.php(116): Illuminate\Pipeline\Pipeline->Illuminate\Pipeline\{closure}()
#27 C:\work\OSPanel\domains\mongu\vendor\laravel\framework\src\Illuminate\Foundation\Http\Kernel.php(165): Illuminate\Pipeline\Pipeline->then()
#28 C:\work\OSPanel\domains\mongu\vendor\laravel\framework\src\Illuminate\Foundation\Http\Kernel.php(134): Illuminate\Foundation\Http\Kernel->sendRequestThroughRouter()
#29 C:\work\OSPanel\domains\mongu\index.php(54): Illuminate\Foundation\Http\Kernel->handle()
#30 {main}  
